[bwa_index] Pack FASTA... 0.02 sec
[bwa_index] Construct BWT for the packed sequence...
[bwa_index] 0.88 seconds elapse.
[bwa_index] Update BWT... 0.02 sec
[bwa_index] Pack forward-only FASTA... 0.02 sec
[bwa_index] Construct SA from BWT and Occ... 0.39 sec
[main] Version: 0.7.17-r1188
[main] CMD: bwa index -p enterococci_pacbio_index /home/margus/paper1_analysis_files/canu_genome_assembly/Canu_Assembly_Output_Pacbio/Enterococci.contigs.fasta
[main] Real time: 1.466 sec; CPU: 1.339 sec
[M::bwa_idx_load_from_disk] read 0 ALT contigs
[M::process] read 111112 sequences (10000080 bp)...
[M::process] read 111112 sequences (10000080 bp)...
[M::mem_pestat] # candidate unique pairs for (FF, FR, RF, RR): (16, 44824, 4, 13)
[M::mem_pestat] analyzing insert size distribution for orientation FF...
[M::mem_pestat] (25, 50, 75) percentile: (335, 2742, 3501)
[M::mem_pestat] low and high boundaries for computing mean and std.dev: (1, 9833)
[M::mem_pestat] mean and std.dev: (2503.88, 2124.80)
[M::mem_pestat] low and high boundaries for proper pairs: (1, 12999)
[M::mem_pestat] analyzing insert size distribution for orientation FR...
[M::mem_pestat] (25, 50, 75) percentile: (456, 465, 474)
[M::mem_pestat] low and high boundaries for computing mean and std.dev: (420, 510)
[M::mem_pestat] mean and std.dev: (465.11, 14.04)
[M::mem_pestat] low and high boundaries for proper pairs: (402, 528)
[M::mem_pestat] skip orientation RF as there are not enough pairs
[M::mem_pestat] analyzing insert size distribution for orientation RR...
[M::mem_pestat] (25, 50, 75) percentile: (2744, 2755, 3503)
[M::mem_pestat] low and high boundaries for computing mean and std.dev: (1226, 5021)
[M::mem_pestat] mean and std.dev: (3028.23, 387.62)
[M::mem_pestat] low and high boundaries for proper pairs: (467, 5780)
[M::mem_pestat] skip orientation FF
[M::mem_pestat] skip orientation RR
[M::mem_process_seqs] Processed 111112 reads in 5.436 CPU sec, 5.147 real sec
[M::process] read 111112 sequences (10000080 bp)...
[M::mem_pestat] # candidate unique pairs for (FF, FR, RF, RR): (16, 45020, 5, 8)
[M::mem_pestat] analyzing insert size distribution for orientation FF...
[M::mem_pestat] (25, 50, 75) percentile: (346, 2754, 3536)
[M::mem_pestat] low and high boundaries for computing mean and std.dev: (1, 9916)
[M::mem_pestat] mean and std.dev: (2227.94, 1347.23)
[M::mem_pestat] low and high boundaries for proper pairs: (1, 13106)
[M::mem_pestat] analyzing insert size distribution for orientation FR...
[M::mem_pestat] (25, 50, 75) percentile: (456, 465, 474)
[M::mem_pestat] low and high boundaries for computing mean and std.dev: (420, 510)
[M::mem_pestat] mean and std.dev: (464.98, 14.05)
[M::mem_pestat] low and high boundaries for proper pairs: (402, 528)
[M::mem_pestat] skip orientation RF as there are not enough pairs
[M::mem_pestat] skip orientation RR as there are not enough pairs
[M::mem_pestat] skip orientation FF
[M::mem_process_seqs] Processed 111112 reads in 5.479 CPU sec, 5.166 real sec
[M::process] read 111112 sequences (10000080 bp)...
[M::mem_pestat] # candidate unique pairs for (FF, FR, RF, RR): (17, 45088, 1, 14)
[M::mem_pestat] analyzing insert size distribution for orientation FF...
[M::mem_pestat] (25, 50, 75) percentile: (2690, 2759, 3501)
[M::mem_pestat] low and high boundaries for computing mean and std.dev: (1068, 5123)
[M::mem_pestat] mean and std.dev: (2998.00, 374.71)
[M::mem_pestat] low and high boundaries for proper pairs: (257, 5934)
[M::mem_pestat] analyzing insert size distribution for orientation FR...
[M::mem_pestat] (25, 50, 75) percentile: (455, 465, 474)
[M::mem_pestat] low and high boundaries for computing mean and std.dev: (417, 512)
[M::mem_pestat] mean and std.dev: (464.83, 14.30)
[M::mem_pestat] low and high boundaries for proper pairs: (398, 531)
[M::mem_pestat] skip orientation RF as there are not enough pairs
[M::mem_pestat] analyzing insert size distribution for orientation RR...
[M::mem_pestat] (25, 50, 75) percentile: (2714, 2725, 2761)
[M::mem_pestat] low and high boundaries for computing mean and std.dev: (2620, 2855)
[M::mem_pestat] mean and std.dev: (2717.17, 30.77)
[M::mem_pestat] low and high boundaries for proper pairs: (2573, 2902)
[M::mem_pestat] skip orientation FF
[M::mem_pestat] skip orientation RR
[M::mem_process_seqs] Processed 111112 reads in 5.540 CPU sec, 5.186 real sec
[M::process] read 111112 sequences (10000080 bp)...
[M::mem_pestat] # candidate unique pairs for (FF, FR, RF, RR): (16, 45023, 3, 14)
[M::mem_pestat] analyzing insert size distribution for orientation FF...
[M::mem_pestat] (25, 50, 75) percentile: (2636, 2742, 3554)
[M::mem_pestat] low and high boundaries for computing mean and std.dev: (800, 5390)
[M::mem_pestat] mean and std.dev: (3079.73, 419.14)
[M::mem_pestat] low and high boundaries for proper pairs: (1, 6308)
[M::mem_pestat] analyzing insert size distribution for orientation FR...
[M::mem_pestat] (25, 50, 75) percentile: (456, 465, 474)
[M::mem_pestat] low and high boundaries for computing mean and std.dev: (420, 510)
[M::mem_pestat] mean and std.dev: (465.05, 14.15)
[M::mem_pestat] low and high boundaries for proper pairs: (402, 528)
[M::mem_pestat] skip orientation RF as there are not enough pairs
[M::mem_pestat] analyzing insert size distribution for orientation RR...
[M::mem_pestat] (25, 50, 75) percentile: (2715, 2742, 3500)
[M::mem_pestat] low and high boundaries for computing mean and std.dev: (1145, 5070)
[M::mem_pestat] mean and std.dev: (2985.15, 541.31)
[M::mem_pestat] low and high boundaries for proper pairs: (360, 5855)
[M::mem_pestat] skip orientation FF
[M::mem_pestat] skip orientation RR
[M::mem_process_seqs] Processed 111112 reads in 5.263 CPU sec, 4.912 real sec
[M::process] read 111112 sequences (10000080 bp)...
[M::mem_pestat] # candidate unique pairs for (FF, FR, RF, RR): (14, 44743, 2, 7)
[M::mem_pestat] analyzing insert size distribution for orientation FF...
[M::mem_pestat] (25, 50, 75) percentile: (351, 2757, 3508)
[M::mem_pestat] low and high boundaries for computing mean and std.dev: (1, 9822)
[M::mem_pestat] mean and std.dev: (2210.57, 1436.71)
[M::mem_pestat] low and high boundaries for proper pairs: (1, 12979)
[M::mem_pestat] analyzing insert size distribution for orientation FR...
[M::mem_pestat] (25, 50, 75) percentile: (456, 465, 474)
[M::mem_pestat] low and high boundaries for computing mean and std.dev: (420, 510)
[M::mem_pestat] mean and std.dev: (464.99, 14.12)
[M::mem_pestat] low and high boundaries for proper pairs: (402, 528)
[M::mem_pestat] skip orientation RF as there are not enough pairs
[M::mem_pestat] skip orientation RR as there are not enough pairs
[M::mem_pestat] skip orientation FF
[M::mem_process_seqs] Processed 111112 reads in 5.952 CPU sec, 5.570 real sec
[M::process] read 111112 sequences (10000080 bp)...
[M::mem_pestat] # candidate unique pairs for (FF, FR, RF, RR): (28, 44742, 0, 17)
[M::mem_pestat] analyzing insert size distribution for orientation FF...
[M::mem_pestat] (25, 50, 75) percentile: (337, 2710, 3491)
[M::mem_pestat] low and high boundaries for computing mean and std.dev: (1, 9799)
[M::mem_pestat] mean and std.dev: (2284.68, 1811.57)
[M::mem_pestat] low and high boundaries for proper pairs: (1, 12953)
[M::mem_pestat] analyzing insert size distribution for orientation FR...
[M::mem_pestat] (25, 50, 75) percentile: (456, 465, 474)
[M::mem_pestat] low and high boundaries for computing mean and std.dev: (420, 510)
[M::mem_pestat] mean and std.dev: (465.04, 14.08)
[M::mem_pestat] low and high boundaries for proper pairs: (402, 528)
[M::mem_pestat] skip orientation RF as there are not enough pairs
[M::mem_pestat] analyzing insert size distribution for orientation RR...
[M::mem_pestat] (25, 50, 75) percentile: (2743, 2758, 3550)
[M::mem_pestat] low and high boundaries for computing mean and std.dev: (1129, 5164)
[M::mem_pestat] mean and std.dev: (3075.12, 394.27)
[M::mem_pestat] low and high boundaries for proper pairs: (322, 5971)
[M::mem_pestat] skip orientation FF
[M::mem_pestat] skip orientation RR
[M::mem_process_seqs] Processed 111112 reads in 5.397 CPU sec, 5.334 real sec
[M::process] read 111112 sequences (10000080 bp)...
[M::mem_pestat] # candidate unique pairs for (FF, FR, RF, RR): (24, 44893, 5, 13)
[M::mem_pestat] analyzing insert size distribution for orientation FF...
[M::mem_pestat] (25, 50, 75) percentile: (2638, 2719, 2787)
[M::mem_pestat] low and high boundaries for computing mean and std.dev: (2340, 3085)
[M::mem_pestat] mean and std.dev: (2711.46, 32.53)
[M::mem_pestat] low and high boundaries for proper pairs: (2191, 3234)
[M::mem_pestat] analyzing insert size distribution for orientation FR...
[M::mem_pestat] (25, 50, 75) percentile: (455, 465, 474)
[M::mem_pestat] low and high boundaries for computing mean and std.dev: (417, 512)
[M::mem_pestat] mean and std.dev: (464.82, 14.26)
[M::mem_pestat] low and high boundaries for proper pairs: (398, 531)
[M::mem_pestat] skip orientation RF as there are not enough pairs
[M::mem_pestat] analyzing insert size distribution for orientation RR...
[M::mem_pestat] (25, 50, 75) percentile: (2703, 2751, 3494)
[M::mem_pestat] low and high boundaries for computing mean and std.dev: (1121, 5076)
[M::mem_pestat] mean and std.dev: (2877.85, 372.70)
[M::mem_pestat] low and high boundaries for proper pairs: (330, 5867)
[M::mem_pestat] skip orientation FF
[M::mem_pestat] skip orientation RR
[M::mem_process_seqs] Processed 111112 reads in 5.964 CPU sec, 5.678 real sec
[M::process] read 111112 sequences (10000080 bp)...
[M::mem_pestat] # candidate unique pairs for (FF, FR, RF, RR): (11, 44719, 2, 7)
[M::mem_pestat] analyzing insert size distribution for orientation FF...
[M::mem_pestat] (25, 50, 75) percentile: (304, 2665, 2741)
[M::mem_pestat] low and high boundaries for computing mean and std.dev: (1, 7615)
[M::mem_pestat] mean and std.dev: (1690.09, 1293.12)
[M::mem_pestat] low and high boundaries for proper pairs: (1, 10052)
[M::mem_pestat] analyzing insert size distribution for orientation FR...
[M::mem_pestat] (25, 50, 75) percentile: (456, 465, 474)
[M::mem_pestat] low and high boundaries for computing mean and std.dev: (420, 510)
[M::mem_pestat] mean and std.dev: (464.93, 14.03)
[M::mem_pestat] low and high boundaries for proper pairs: (402, 528)
[M::mem_pestat] skip orientation RF as there are not enough pairs
[M::mem_pestat] skip orientation RR as there are not enough pairs
[M::mem_pestat] skip orientation FF
[M::mem_process_seqs] Processed 111112 reads in 5.426 CPU sec, 5.052 real sec
[M::process] read 111112 sequences (10000080 bp)...
[M::mem_pestat] # candidate unique pairs for (FF, FR, RF, RR): (16, 44711, 4, 8)
[M::mem_pestat] analyzing insert size distribution for orientation FF...
[M::mem_pestat] (25, 50, 75) percentile: (380, 2747, 3517)
[M::mem_pestat] low and high boundaries for computing mean and std.dev: (1, 9791)
[M::mem_pestat] mean and std.dev: (2376.88, 1599.45)
[M::mem_pestat] low and high boundaries for proper pairs: (1, 12928)
[M::mem_pestat] analyzing insert size distribution for orientation FR...
[M::mem_pestat] (25, 50, 75) percentile: (455, 465, 474)
[M::mem_pestat] low and high boundaries for computing mean and std.dev: (417, 512)
[M::mem_pestat] mean and std.dev: (464.88, 14.27)
[M::mem_pestat] low and high boundaries for proper pairs: (398, 531)
[M::mem_pestat] skip orientation RF as there are not enough pairs
[M::mem_pestat] skip orientation RR as there are not enough pairs
[M::mem_pestat] skip orientation FF
[M::mem_process_seqs] Processed 111112 reads in 5.782 CPU sec, 5.786 real sec
[M::process] read 111112 sequences (10000080 bp)...
[M::mem_pestat] # candidate unique pairs for (FF, FR, RF, RR): (9, 44603, 2, 6)
[M::mem_pestat] skip orientation FF as there are not enough pairs
[M::mem_pestat] analyzing insert size distribution for orientation FR...
[M::mem_pestat] (25, 50, 75) percentile: (456, 465, 474)
[M::mem_pestat] low and high boundaries for computing mean and std.dev: (420, 510)
[M::mem_pestat] mean and std.dev: (465.03, 14.00)
[M::mem_pestat] low and high boundaries for proper pairs: (402, 528)
[M::mem_pestat] skip orientation RF as there are not enough pairs
[M::mem_pestat] skip orientation RR as there are not enough pairs
[M::mem_process_seqs] Processed 111112 reads in 5.664 CPU sec, 5.620 real sec
[M::process] read 111112 sequences (10000080 bp)...
[M::mem_pestat] # candidate unique pairs for (FF, FR, RF, RR): (19, 44952, 3, 15)
[M::mem_pestat] analyzing insert size distribution for orientation FF...
[M::mem_pestat] (25, 50, 75) percentile: (2665, 2737, 2754)
[M::mem_pestat] low and high boundaries for computing mean and std.dev: (2487, 2932)
[M::mem_pestat] mean and std.dev: (2719.33, 36.76)
[M::mem_pestat] low and high boundaries for proper pairs: (2398, 3021)
[M::mem_pestat] analyzing insert size distribution for orientation FR...
[M::mem_pestat] (25, 50, 75) percentile: (456, 465, 474)
[M::mem_pestat] low and high boundaries for computing mean and std.dev: (420, 510)
[M::mem_pestat] mean and std.dev: (465.07, 14.05)
[M::mem_pestat] low and high boundaries for proper pairs: (402, 528)
[M::mem_pestat] skip orientation RF as there are not enough pairs
[M::mem_pestat] analyzing insert size distribution for orientation RR...
[M::mem_pestat] (25, 50, 75) percentile: (2685, 2768, 3550)
[M::mem_pestat] low and high boundaries for computing mean and std.dev: (955, 5280)
[M::mem_pestat] mean and std.dev: (3093.60, 425.70)
[M::mem_pestat] low and high boundaries for proper pairs: (90, 6145)
[M::mem_pestat] skip orientation FF
[M::mem_pestat] skip orientation RR
[M::mem_process_seqs] Processed 111112 reads in 5.363 CPU sec, 4.964 real sec
[M::process] read 111112 sequences (10000080 bp)...
[M::mem_pestat] # candidate unique pairs for (FF, FR, RF, RR): (21, 44970, 5, 10)
[M::mem_pestat] analyzing insert size distribution for orientation FF...
[M::mem_pestat] (25, 50, 75) percentile: (330, 2641, 3496)
[M::mem_pestat] low and high boundaries for computing mean and std.dev: (1, 9828)
[M::mem_pestat] mean and std.dev: (1751.05, 1425.14)
[M::mem_pestat] low and high boundaries for proper pairs: (1, 12994)
[M::mem_pestat] analyzing insert size distribution for orientation FR...
[M::mem_pestat] (25, 50, 75) percentile: (456, 465, 474)
[M::mem_pestat] low and high boundaries for computing mean and std.dev: (420, 510)
[M::mem_pestat] mean and std.dev: (464.96, 14.03)
[M::mem_pestat] low and high boundaries for proper pairs: (402, 528)
[M::mem_pestat] skip orientation RF as there are not enough pairs
[M::mem_pestat] analyzing insert size distribution for orientation RR...
[M::mem_pestat] (25, 50, 75) percentile: (2759, 3548, 3571)
[M::mem_pestat] low and high boundaries for computing mean and std.dev: (1135, 5195)
[M::mem_pestat] mean and std.dev: (3498.50, 628.61)
[M::mem_pestat] low and high boundaries for proper pairs: (323, 6013)
[M::mem_pestat] skip orientation FF
[M::mem_pestat] skip orientation RR
[M::mem_process_seqs] Processed 111112 reads in 5.117 CPU sec, 4.797 real sec
[M::process] read 111112 sequences (10000080 bp)...
[M::mem_pestat] # candidate unique pairs for (FF, FR, RF, RR): (17, 44899, 2, 12)
[M::mem_pestat] analyzing insert size distribution for orientation FF...
[M::mem_pestat] (25, 50, 75) percentile: (2695, 2756, 3519)
[M::mem_pestat] low and high boundaries for computing mean and std.dev: (1047, 5167)
[M::mem_pestat] mean and std.dev: (3018.21, 382.55)
[M::mem_pestat] low and high boundaries for proper pairs: (223, 5991)
[M::mem_pestat] analyzing insert size distribution for orientation FR...
[M::mem_pestat] (25, 50, 75) percentile: (456, 465, 474)
[M::mem_pestat] low and high boundaries for computing mean and std.dev: (420, 510)
[M::mem_pestat] mean and std.dev: (464.95, 14.07)
[M::mem_pestat] low and high boundaries for proper pairs: (402, 528)
[M::mem_pestat] skip orientation RF as there are not enough pairs
[M::mem_pestat] analyzing insert size distribution for orientation RR...
[M::mem_pestat] (25, 50, 75) percentile: (2743, 2769, 3567)
[M::mem_pestat] low and high boundaries for computing mean and std.dev: (1095, 5215)
[M::mem_pestat] mean and std.dev: (3019.36, 408.34)
[M::mem_pestat] low and high boundaries for proper pairs: (271, 6039)
[M::mem_pestat] skip orientation FF
[M::mem_pestat] skip orientation RR
[M::mem_process_seqs] Processed 111112 reads in 5.397 CPU sec, 5.068 real sec
[M::process] read 111112 sequences (10000080 bp)...
[M::mem_pestat] # candidate unique pairs for (FF, FR, RF, RR): (22, 44888, 5, 15)
[M::mem_pestat] analyzing insert size distribution for orientation FF...
[M::mem_pestat] (25, 50, 75) percentile: (356, 2768, 3533)
[M::mem_pestat] low and high boundaries for computing mean and std.dev: (1, 9887)
[M::mem_pestat] mean and std.dev: (2197.91, 1431.48)
[M::mem_pestat] low and high boundaries for proper pairs: (1, 13064)
[M::mem_pestat] analyzing insert size distribution for orientation FR...
[M::mem_pestat] (25, 50, 75) percentile: (456, 465, 474)
[M::mem_pestat] low and high boundaries for computing mean and std.dev: (420, 510)
[M::mem_pestat] mean and std.dev: (464.99, 14.08)
[M::mem_pestat] low and high boundaries for proper pairs: (402, 528)
[M::mem_pestat] skip orientation RF as there are not enough pairs
[M::mem_pestat] analyzing insert size distribution for orientation RR...
[M::mem_pestat] (25, 50, 75) percentile: (2722, 2771, 3548)
[M::mem_pestat] low and high boundaries for computing mean and std.dev: (1070, 5200)
[M::mem_pestat] mean and std.dev: (3114.21, 505.95)
[M::mem_pestat] low and high boundaries for proper pairs: (244, 6026)
[M::mem_pestat] skip orientation FF
[M::mem_pestat] skip orientation RR
[M::mem_process_seqs] Processed 111112 reads in 5.985 CPU sec, 5.671 real sec
[M::process] read 111112 sequences (10000080 bp)...
[M::mem_pestat] # candidate unique pairs for (FF, FR, RF, RR): (19, 44811, 2, 11)
[M::mem_pestat] analyzing insert size distribution for orientation FF...
[M::mem_pestat] (25, 50, 75) percentile: (355, 2672, 2746)
[M::mem_pestat] low and high boundaries for computing mean and std.dev: (1, 7528)
[M::mem_pestat] mean and std.dev: (1940.26, 1305.38)
[M::mem_pestat] low and high boundaries for proper pairs: (1, 9919)
[M::mem_pestat] analyzing insert size distribution for orientation FR...
[M::mem_pestat] (25, 50, 75) percentile: (456, 465, 474)
[M::mem_pestat] low and high boundaries for computing mean and std.dev: (420, 510)
[M::mem_pestat] mean and std.dev: (465.01, 14.07)
[M::mem_pestat] low and high boundaries for proper pairs: (402, 528)
[M::mem_pestat] skip orientation RF as there are not enough pairs
[M::mem_pestat] analyzing insert size distribution for orientation RR...
[M::mem_pestat] (25, 50, 75) percentile: (2702, 3494, 3582)
[M::mem_pestat] low and high boundaries for computing mean and std.dev: (942, 5342)
[M::mem_pestat] mean and std.dev: (3124.50, 431.36)
[M::mem_pestat] low and high boundaries for proper pairs: (62, 6222)
[M::mem_pestat] skip orientation FF
[M::mem_pestat] skip orientation RR
[M::mem_process_seqs] Processed 111112 reads in 5.676 CPU sec, 5.303 real sec
[M::process] read 111112 sequences (10000080 bp)...
[M::mem_pestat] # candidate unique pairs for (FF, FR, RF, RR): (18, 44861, 4, 13)
[M::mem_pestat] analyzing insert size distribution for orientation FF...
[M::mem_pestat] (25, 50, 75) percentile: (304, 2733, 2756)
[M::mem_pestat] low and high boundaries for computing mean and std.dev: (1, 7660)
[M::mem_pestat] mean and std.dev: (1975.06, 1663.30)
[M::mem_pestat] low and high boundaries for proper pairs: (1, 10112)
[M::mem_pestat] analyzing insert size distribution for orientation FR...
[M::mem_pestat] (25, 50, 75) percentile: (455, 465, 474)
[M::mem_pestat] low and high boundaries for computing mean and std.dev: (417, 512)
[M::mem_pestat] mean and std.dev: (464.85, 14.26)
[M::mem_pestat] low and high boundaries for proper pairs: (398, 531)
[M::mem_pestat] skip orientation RF as there are not enough pairs
[M::mem_pestat] analyzing insert size distribution for orientation RR...
[M::mem_pestat] (25, 50, 75) percentile: (2726, 2742, 2771)
[M::mem_pestat] low and high boundaries for computing mean and std.dev: (2636, 2861)
[M::mem_pestat] mean and std.dev: (2728.18, 32.61)
[M::mem_pestat] low and high boundaries for proper pairs: (2591, 2906)
[M::mem_pestat] skip orientation FF
[M::mem_pestat] skip orientation RR
[M::mem_process_seqs] Processed 111112 reads in 5.691 CPU sec, 5.333 real sec
[M::process] read 111112 sequences (10000080 bp)...
[M::mem_pestat] # candidate unique pairs for (FF, FR, RF, RR): (23, 44640, 3, 9)
[M::mem_pestat] analyzing insert size distribution for orientation FF...
[M::mem_pestat] (25, 50, 75) percentile: (322, 2674, 2753)
[M::mem_pestat] low and high boundaries for computing mean and std.dev: (1, 7615)
[M::mem_pestat] mean and std.dev: (2020.57, 1543.14)
[M::mem_pestat] low and high boundaries for proper pairs: (1, 10046)
[M::mem_pestat] analyzing insert size distribution for orientation FR...
[M::mem_pestat] (25, 50, 75) percentile: (455, 465, 474)
[M::mem_pestat] low and high boundaries for computing mean and std.dev: (417, 512)
[M::mem_pestat] mean and std.dev: (464.74, 14.19)
[M::mem_pestat] low and high boundaries for proper pairs: (398, 531)
[M::mem_pestat] skip orientation RF as there are not enough pairs
[M::mem_pestat] skip orientation RR as there are not enough pairs
[M::mem_pestat] skip orientation FF
[M::mem_process_seqs] Processed 111112 reads in 5.852 CPU sec, 5.521 real sec
[M::process] read 111112 sequences (10000080 bp)...
[M::mem_pestat] # candidate unique pairs for (FF, FR, RF, RR): (8, 44701, 2, 5)
[M::mem_pestat] skip orientation FF as there are not enough pairs
[M::mem_pestat] analyzing insert size distribution for orientation FR...
[M::mem_pestat] (25, 50, 75) percentile: (455, 465, 474)
[M::mem_pestat] low and high boundaries for computing mean and std.dev: (417, 512)
[M::mem_pestat] mean and std.dev: (464.76, 14.24)
[M::mem_pestat] low and high boundaries for proper pairs: (398, 531)
[M::mem_pestat] skip orientation RF as there are not enough pairs
[M::mem_pestat] skip orientation RR as there are not enough pairs
[M::mem_process_seqs] Processed 111112 reads in 5.454 CPU sec, 5.459 real sec
[M::process] read 111112 sequences (10000080 bp)...
[M::mem_pestat] # candidate unique pairs for (FF, FR, RF, RR): (13, 44535, 2, 10)
[M::mem_pestat] analyzing insert size distribution for orientation FF...
[M::mem_pestat] (25, 50, 75) percentile: (338, 356, 2717)
[M::mem_pestat] low and high boundaries for computing mean and std.dev: (1, 7475)
[M::mem_pestat] mean and std.dev: (1308.38, 1264.74)
[M::mem_pestat] low and high boundaries for proper pairs: (1, 9854)
[M::mem_pestat] analyzing insert size distribution for orientation FR...
[M::mem_pestat] (25, 50, 75) percentile: (455, 465, 474)
[M::mem_pestat] low and high boundaries for computing mean and std.dev: (417, 512)
[M::mem_pestat] mean and std.dev: (464.75, 14.34)
[M::mem_pestat] low and high boundaries for proper pairs: (398, 531)
[M::mem_pestat] skip orientation RF as there are not enough pairs
[M::mem_pestat] analyzing insert size distribution for orientation RR...
[M::mem_pestat] (25, 50, 75) percentile: (2756, 3526, 3566)
[M::mem_pestat] low and high boundaries for computing mean and std.dev: (1136, 5186)
[M::mem_pestat] mean and std.dev: (3165.44, 421.19)
[M::mem_pestat] low and high boundaries for proper pairs: (326, 5996)
[M::mem_pestat] skip orientation FF
[M::mem_pestat] skip orientation RR
[M::mem_process_seqs] Processed 111112 reads in 5.890 CPU sec, 5.512 real sec
[M::process] read 111112 sequences (10000080 bp)...
[M::mem_pestat] # candidate unique pairs for (FF, FR, RF, RR): (11, 45087, 0, 16)
[M::mem_pestat] analyzing insert size distribution for orientation FF...
[M::mem_pestat] (25, 50, 75) percentile: (2702, 2749, 3531)
[M::mem_pestat] low and high boundaries for computing mean and std.dev: (1044, 5189)
[M::mem_pestat] mean and std.dev: (3000.00, 389.91)
[M::mem_pestat] low and high boundaries for proper pairs: (215, 6018)
[M::mem_pestat] analyzing insert size distribution for orientation FR...
[M::mem_pestat] (25, 50, 75) percentile: (456, 465, 474)
[M::mem_pestat] low and high boundaries for computing mean and std.dev: (420, 510)
[M::mem_pestat] mean and std.dev: (465.13, 14.10)
[M::mem_pestat] low and high boundaries for proper pairs: (402, 528)
[M::mem_pestat] skip orientation RF as there are not enough pairs
[M::mem_pestat] analyzing insert size distribution for orientation RR...
[M::mem_pestat] (25, 50, 75) percentile: (2701, 2743, 3505)
[M::mem_pestat] low and high boundaries for computing mean and std.dev: (1093, 5113)
[M::mem_pestat] mean and std.dev: (2925.67, 357.06)
[M::mem_pestat] low and high boundaries for proper pairs: (289, 5917)
[M::mem_pestat] skip orientation FF
[M::mem_pestat] skip orientation RR
[M::mem_process_seqs] Processed 111112 reads in 5.885 CPU sec, 5.586 real sec
[M::process] read 111112 sequences (10000080 bp)...
[M::mem_pestat] # candidate unique pairs for (FF, FR, RF, RR): (16, 44951, 2, 7)
[M::mem_pestat] analyzing insert size distribution for orientation FF...
[M::mem_pestat] (25, 50, 75) percentile: (2680, 2744, 3496)
[M::mem_pestat] low and high boundaries for computing mean and std.dev: (1048, 5128)
[M::mem_pestat] mean and std.dev: (3027.77, 395.33)
[M::mem_pestat] low and high boundaries for proper pairs: (232, 5944)
[M::mem_pestat] analyzing insert size distribution for orientation FR...
[M::mem_pestat] (25, 50, 75) percentile: (456, 465, 474)
[M::mem_pestat] low and high boundaries for computing mean and std.dev: (420, 510)
[M::mem_pestat] mean and std.dev: (465.00, 14.10)
[M::mem_pestat] low and high boundaries for proper pairs: (402, 528)
[M::mem_pestat] skip orientation RF as there are not enough pairs
[M::mem_pestat] skip orientation RR as there are not enough pairs
[M::mem_pestat] skip orientation FF
[M::mem_process_seqs] Processed 111112 reads in 5.509 CPU sec, 5.201 real sec
[M::process] read 111112 sequences (10000080 bp)...
[M::mem_pestat] # candidate unique pairs for (FF, FR, RF, RR): (17, 44995, 3, 14)
[M::mem_pestat] analyzing insert size distribution for orientation FF...
[M::mem_pestat] (25, 50, 75) percentile: (361, 2666, 2759)
[M::mem_pestat] low and high boundaries for computing mean and std.dev: (1, 7555)
[M::mem_pestat] mean and std.dev: (2131.47, 1233.10)
[M::mem_pestat] low and high boundaries for proper pairs: (1, 9953)
[M::mem_pestat] analyzing insert size distribution for orientation FR...
[M::mem_pestat] (25, 50, 75) percentile: (456, 465, 474)
[M::mem_pestat] low and high boundaries for computing mean and std.dev: (420, 510)
[M::mem_pestat] mean and std.dev: (465.11, 14.04)
[M::mem_pestat] low and high boundaries for proper pairs: (402, 528)
[M::mem_pestat] skip orientation RF as there are not enough pairs
[M::mem_pestat] analyzing insert size distribution for orientation RR...
[M::mem_pestat] (25, 50, 75) percentile: (2696, 2742, 3507)
[M::mem_pestat] low and high boundaries for computing mean and std.dev: (1074, 5129)
[M::mem_pestat] mean and std.dev: (2846.67, 305.58)
[M::mem_pestat] low and high boundaries for proper pairs: (263, 5940)
[M::mem_pestat] skip orientation FF
[M::mem_pestat] skip orientation RR
[M::mem_process_seqs] Processed 111112 reads in 5.601 CPU sec, 5.238 real sec
[M::process] read 111112 sequences (10000080 bp)...
[M::mem_pestat] # candidate unique pairs for (FF, FR, RF, RR): (11, 45032, 0, 12)
[M::mem_pestat] analyzing insert size distribution for orientation FF...
[M::mem_pestat] (25, 50, 75) percentile: (397, 2668, 3496)
[M::mem_pestat] low and high boundaries for computing mean and std.dev: (1, 9694)
[M::mem_pestat] mean and std.dev: (2055.55, 1333.06)
[M::mem_pestat] low and high boundaries for proper pairs: (1, 12793)
[M::mem_pestat] analyzing insert size distribution for orientation FR...
[M::mem_pestat] (25, 50, 75) percentile: (456, 465, 474)
[M::mem_pestat] low and high boundaries for computing mean and std.dev: (420, 510)
[M::mem_pestat] mean and std.dev: (464.95, 14.07)
[M::mem_pestat] low and high boundaries for proper pairs: (402, 528)
[M::mem_pestat] skip orientation RF as there are not enough pairs
[M::mem_pestat] analyzing insert size distribution for orientation RR...
[M::mem_pestat] (25, 50, 75) percentile: (2750, 2758, 3513)
[M::mem_pestat] low and high boundaries for computing mean and std.dev: (1224, 5039)
[M::mem_pestat] mean and std.dev: (2943.92, 349.90)
[M::mem_pestat] low and high boundaries for proper pairs: (461, 5802)
[M::mem_pestat] skip orientation FF
[M::mem_pestat] skip orientation RR
[M::mem_process_seqs] Processed 111112 reads in 5.533 CPU sec, 5.146 real sec
[M::process] read 111112 sequences (10000080 bp)...
[M::mem_pestat] # candidate unique pairs for (FF, FR, RF, RR): (16, 45012, 2, 8)
[M::mem_pestat] analyzing insert size distribution for orientation FF...
[M::mem_pestat] (25, 50, 75) percentile: (327, 364, 2724)
[M::mem_pestat] low and high boundaries for computing mean and std.dev: (1, 7518)
[M::mem_pestat] mean and std.dev: (1321.38, 1318.00)
[M::mem_pestat] low and high boundaries for proper pairs: (1, 9915)
[M::mem_pestat] analyzing insert size distribution for orientation FR...
[M::mem_pestat] (25, 50, 75) percentile: (456, 465, 474)
[M::mem_pestat] low and high boundaries for computing mean and std.dev: (420, 510)
[M::mem_pestat] mean and std.dev: (464.99, 14.04)
[M::mem_pestat] low and high boundaries for proper pairs: (402, 528)
[M::mem_pestat] skip orientation RF as there are not enough pairs
[M::mem_pestat] skip orientation RR as there are not enough pairs
[M::mem_pestat] skip orientation FF
[M::mem_process_seqs] Processed 111112 reads in 5.603 CPU sec, 5.285 real sec
[M::process] read 111112 sequences (10000080 bp)...
[M::mem_pestat] # candidate unique pairs for (FF, FR, RF, RR): (20, 44752, 2, 9)
[M::mem_pestat] analyzing insert size distribution for orientation FF...
[M::mem_pestat] (25, 50, 75) percentile: (335, 2673, 2718)
[M::mem_pestat] low and high boundaries for computing mean and std.dev: (1, 7484)
[M::mem_pestat] mean and std.dev: (1680.35, 1240.76)
[M::mem_pestat] low and high boundaries for proper pairs: (1, 9867)
[M::mem_pestat] analyzing insert size distribution for orientation FR...
[M::mem_pestat] (25, 50, 75) percentile: (455, 465, 474)
[M::mem_pestat] low and high boundaries for computing mean and std.dev: (417, 512)
[M::mem_pestat] mean and std.dev: (464.83, 14.21)
[M::mem_pestat] low and high boundaries for proper pairs: (398, 531)
[M::mem_pestat] skip orientation RF as there are not enough pairs
[M::mem_pestat] skip orientation RR as there are not enough pairs
[M::mem_pestat] skip orientation FF
[M::mem_process_seqs] Processed 111112 reads in 5.456 CPU sec, 5.457 real sec
[M::process] read 111112 sequences (10000080 bp)...
[M::mem_pestat] # candidate unique pairs for (FF, FR, RF, RR): (17, 45084, 3, 16)
[M::mem_pestat] analyzing insert size distribution for orientation FF...
[M::mem_pestat] (25, 50, 75) percentile: (306, 366, 3505)
[M::mem_pestat] low and high boundaries for computing mean and std.dev: (1, 9903)
[M::mem_pestat] mean and std.dev: (1670.82, 1473.45)
[M::mem_pestat] low and high boundaries for proper pairs: (1, 13102)
[M::mem_pestat] analyzing insert size distribution for orientation FR...
[M::mem_pestat] (25, 50, 75) percentile: (456, 465, 474)
[M::mem_pestat] low and high boundaries for computing mean and std.dev: (420, 510)
[M::mem_pestat] mean and std.dev: (465.06, 14.04)
[M::mem_pestat] low and high boundaries for proper pairs: (402, 528)
[M::mem_pestat] skip orientation RF as there are not enough pairs
[M::mem_pestat] analyzing insert size distribution for orientation RR...
[M::mem_pestat] (25, 50, 75) percentile: (2744, 2779, 3580)
[M::mem_pestat] low and high boundaries for computing mean and std.dev: (1072, 5252)
[M::mem_pestat] mean and std.dev: (3149.50, 542.13)
[M::mem_pestat] low and high boundaries for proper pairs: (236, 6088)
[M::mem_pestat] skip orientation FF
[M::mem_pestat] skip orientation RR
[M::mem_process_seqs] Processed 111112 reads in 5.422 CPU sec, 5.064 real sec
[M::process] read 111112 sequences (10000080 bp)...
[M::mem_pestat] # candidate unique pairs for (FF, FR, RF, RR): (19, 44656, 3, 17)
[M::mem_pestat] analyzing insert size distribution for orientation FF...
[M::mem_pestat] (25, 50, 75) percentile: (307, 2706, 2753)
[M::mem_pestat] low and high boundaries for computing mean and std.dev: (1, 7645)
[M::mem_pestat] mean and std.dev: (2097.26, 1303.23)
[M::mem_pestat] low and high boundaries for proper pairs: (1, 10091)
[M::mem_pestat] analyzing insert size distribution for orientation FR...
[M::mem_pestat] (25, 50, 75) percentile: (455, 465, 474)
[M::mem_pestat] low and high boundaries for computing mean and std.dev: (417, 512)
[M::mem_pestat] mean and std.dev: (464.73, 14.22)
[M::mem_pestat] low and high boundaries for proper pairs: (398, 531)
[M::mem_pestat] skip orientation RF as there are not enough pairs
[M::mem_pestat] analyzing insert size distribution for orientation RR...
[M::mem_pestat] (25, 50, 75) percentile: (2737, 3508, 3605)
[M::mem_pestat] low and high boundaries for computing mean and std.dev: (1001, 5341)
[M::mem_pestat] mean and std.dev: (3134.86, 413.32)
[M::mem_pestat] low and high boundaries for proper pairs: (133, 6209)
[M::mem_pestat] skip orientation FF
[M::mem_pestat] skip orientation RR
[M::mem_process_seqs] Processed 111112 reads in 5.314 CPU sec, 4.961 real sec
[M::process] read 111112 sequences (10000080 bp)...
[M::mem_pestat] # candidate unique pairs for (FF, FR, RF, RR): (21, 44773, 3, 6)
[M::mem_pestat] analyzing insert size distribution for orientation FF...
[M::mem_pestat] (25, 50, 75) percentile: (2688, 2749, 3521)
[M::mem_pestat] low and high boundaries for computing mean and std.dev: (1022, 5187)
[M::mem_pestat] mean and std.dev: (3044.53, 388.90)
[M::mem_pestat] low and high boundaries for proper pairs: (189, 6020)
[M::mem_pestat] analyzing insert size distribution for orientation FR...
[M::mem_pestat] (25, 50, 75) percentile: (455, 465, 474)
[M::mem_pestat] low and high boundaries for computing mean and std.dev: (417, 512)
[M::mem_pestat] mean and std.dev: (464.76, 14.17)
[M::mem_pestat] low and high boundaries for proper pairs: (398, 531)
[M::mem_pestat] skip orientation RF as there are not enough pairs
[M::mem_pestat] skip orientation RR as there are not enough pairs
[M::mem_pestat] skip orientation FF
[M::mem_process_seqs] Processed 111112 reads in 5.523 CPU sec, 5.179 real sec
[M::process] read 111086 sequences (9997740 bp)...
[M::mem_pestat] # candidate unique pairs for (FF, FR, RF, RR): (13, 44754, 2, 19)
[M::mem_pestat] analyzing insert size distribution for orientation FF...
[M::mem_pestat] (25, 50, 75) percentile: (344, 3494, 3534)
[M::mem_pestat] low and high boundaries for computing mean and std.dev: (1, 9914)
[M::mem_pestat] mean and std.dev: (2410.31, 1438.29)
[M::mem_pestat] low and high boundaries for proper pairs: (1, 13104)
[M::mem_pestat] analyzing insert size distribution for orientation FR...
[M::mem_pestat] (25, 50, 75) percentile: (456, 465, 474)
[M::mem_pestat] low and high boundaries for computing mean and std.dev: (420, 510)
[M::mem_pestat] mean and std.dev: (465.07, 14.06)
[M::mem_pestat] low and high boundaries for proper pairs: (402, 528)
[M::mem_pestat] skip orientation RF as there are not enough pairs
[M::mem_pestat] analyzing insert size distribution for orientation RR...
[M::mem_pestat] (25, 50, 75) percentile: (2717, 2741, 3547)
[M::mem_pestat] low and high boundaries for computing mean and std.dev: (1057, 5207)
[M::mem_pestat] mean and std.dev: (3009.53, 515.83)
[M::mem_pestat] low and high boundaries for proper pairs: (227, 6037)
[M::mem_pestat] skip orientation FF
[M::mem_pestat] skip orientation RR
[M::mem_process_seqs] Processed 111112 reads in 5.346 CPU sec, 4.969 real sec
[M::mem_pestat] # candidate unique pairs for (FF, FR, RF, RR): (19, 44851, 2, 7)
[M::mem_pestat] analyzing insert size distribution for orientation FF...
[M::mem_pestat] (25, 50, 75) percentile: (2660, 2756, 3524)
[M::mem_pestat] low and high boundaries for computing mean and std.dev: (932, 5252)
[M::mem_pestat] mean and std.dev: (2950.62, 423.83)
[M::mem_pestat] low and high boundaries for proper pairs: (68, 6116)
[M::mem_pestat] analyzing insert size distribution for orientation FR...
[M::mem_pestat] (25, 50, 75) percentile: (456, 465, 474)
[M::mem_pestat] low and high boundaries for computing mean and std.dev: (420, 510)
[M::mem_pestat] mean and std.dev: (465.13, 14.17)
[M::mem_pestat] low and high boundaries for proper pairs: (402, 528)
[M::mem_pestat] skip orientation RF as there are not enough pairs
[M::mem_pestat] skip orientation RR as there are not enough pairs
[M::mem_pestat] skip orientation FF
[M::mem_process_seqs] Processed 111086 reads in 5.043 CPU sec, 4.947 real sec
[main] Version: 0.7.17-r1188
[main] CMD: bwa mem -M enterococci_pacbio_index /proj/g2019003/nobackup/private/1_Zhang_2017/genomics_data/Illumina/E745-1.L500_SZAXPI015146-56_1_clean.fq.gz /proj/g2019003/nobackup/private/1_Zhang_2017/genomics_data/Illumina/E745-1.L500_SZAXPI015146-56_2_clean.fq.gz
[main] Real time: 159.986 sec; CPU: 167.143 sec
