	trimmomatic 0.36 loaded, see 'module help trimmomatic/0.36' for more
information. 
TrimmomaticPE: Started with arguments:
 /proj/g2019003/nobackup/private/1_Zhang_2017/transcriptomics_data/RNA-Seq_Serum/untrimmed/ERR1797969_pass_1.fastq.gz /proj/g2019003/nobackup/private/1_Zhang_2017/transcriptomics_data/RNA-Seq_Serum/untrimmed/ERR1797969_pass_2.fastq.gz RNASeq1_BH_corrected_forward_paired.fq.gz RNASeq1_BH_corrected_forward_unpaired.fq.gz RNASeq1_BH_corrected_reverse_paired.fq.gz RNASeq1_BH_corrected_reverse_unpaired.fq.gz ILLUMINACLIP:TruSeq3-PE.fa:2:30:10 LEADING:3 TRAILING:3 SLIDINGWINDOW:4:15 MINLEN:36
Multiple cores found: Using 2 threads
Using PrefixPair: 'TACACTCTTTCCCTACACGACGCTCTTCCGATCT' and 'GTGACTGGAGTTCAGACGTGTGCTCTTCCGATCT'
ILLUMINACLIP: Using 1 prefix pairs, 0 forward/reverse sequences, 0 forward only sequences, 0 reverse only sequences
Quality encoding detected as phred33
Input Read Pairs: 289568 Both Surviving: 149236 (51.54%) Forward Only Surviving: 128118 (44.24%) Reverse Only Surviving: 356 (0.12%) Dropped: 11858 (4.10%)
TrimmomaticPE: Completed successfully
TrimmomaticPE: Started with arguments:
 /proj/g2019003/nobackup/private/1_Zhang_2017/transcriptomics_data/RNA-Seq_Serum/untrimmed/ERR1797970_pass_1.fastq.gz /proj/g2019003/nobackup/private/1_Zhang_2017/transcriptomics_data/RNA-Seq_Serum/untrimmed/ERR1797970_pass_2.fastq.gz RNASeq2_BH_corrected_forward_paired.fq.gz RNASeq2_BH_corrected_forward_unpaired.fq.gz RNASeq2_BH_corrected_reverse_paired.fq.gz RNASeq2_BH_corrected_reverse_unpaired.fq.gz ILLUMINACLIP:TruSeq3-PE.fa:2:30:10 LEADING:3 TRAILING:3 SLIDINGWINDOW:4:15 MINLEN:36
Multiple cores found: Using 2 threads
Using PrefixPair: 'TACACTCTTTCCCTACACGACGCTCTTCCGATCT' and 'GTGACTGGAGTTCAGACGTGTGCTCTTCCGATCT'
ILLUMINACLIP: Using 1 prefix pairs, 0 forward/reverse sequences, 0 forward only sequences, 0 reverse only sequences
Quality encoding detected as phred33
Input Read Pairs: 26634380 Both Surviving: 14843614 (55.73%) Forward Only Surviving: 10530060 (39.54%) Reverse Only Surviving: 49898 (0.19%) Dropped: 1210808 (4.55%)
TrimmomaticPE: Completed successfully
TrimmomaticPE: Started with arguments:
 /proj/g2019003/nobackup/private/1_Zhang_2017/transcriptomics_data/RNA-Seq_Serum/untrimmed/ERR1797971_pass_1.fastq.gz /proj/g2019003/nobackup/private/1_Zhang_2017/transcriptomics_data/RNA-Seq_Serum/untrimmed/ERR1797971_pass_2.fastq.gz RNASeq3_BH_corrected_forward_paired.fq.gz RNASeq3_BH_corrected_forward_unpaired.fq.gz RNASeq3_BH_corrected_reverse_paired.fq.gz RNASeq3_BH_corrected_reverse_unpaired.fq.gz ILLUMINACLIP:TruSeq3-PE.fa:2:30:10 LEADING:3 TRAILING:3 SLIDINGWINDOW:4:15 MINLEN:36
Multiple cores found: Using 2 threads
Using PrefixPair: 'TACACTCTTTCCCTACACGACGCTCTTCCGATCT' and 'GTGACTGGAGTTCAGACGTGTGCTCTTCCGATCT'
ILLUMINACLIP: Using 1 prefix pairs, 0 forward/reverse sequences, 0 forward only sequences, 0 reverse only sequences
Quality encoding detected as phred33
Input Read Pairs: 27609615 Both Surviving: 14186338 (51.38%) Forward Only Surviving: 11830281 (42.85%) Reverse Only Surviving: 47162 (0.17%) Dropped: 1545834 (5.60%)
TrimmomaticPE: Completed successfully
