Started analysis of RNASeq1_BH_corrected_forward_paired.fq.gz
Approx 5% complete for RNASeq1_BH_corrected_forward_paired.fq.gz
Approx 10% complete for RNASeq1_BH_corrected_forward_paired.fq.gz
Approx 15% complete for RNASeq1_BH_corrected_forward_paired.fq.gz
Approx 20% complete for RNASeq1_BH_corrected_forward_paired.fq.gz
Approx 25% complete for RNASeq1_BH_corrected_forward_paired.fq.gz
Approx 30% complete for RNASeq1_BH_corrected_forward_paired.fq.gz
Approx 35% complete for RNASeq1_BH_corrected_forward_paired.fq.gz
Approx 40% complete for RNASeq1_BH_corrected_forward_paired.fq.gz
Approx 45% complete for RNASeq1_BH_corrected_forward_paired.fq.gz
Approx 50% complete for RNASeq1_BH_corrected_forward_paired.fq.gz
Approx 55% complete for RNASeq1_BH_corrected_forward_paired.fq.gz
Approx 60% complete for RNASeq1_BH_corrected_forward_paired.fq.gz
Approx 65% complete for RNASeq1_BH_corrected_forward_paired.fq.gz
Approx 70% complete for RNASeq1_BH_corrected_forward_paired.fq.gz
Approx 75% complete for RNASeq1_BH_corrected_forward_paired.fq.gz
Approx 80% complete for RNASeq1_BH_corrected_forward_paired.fq.gz
Approx 85% complete for RNASeq1_BH_corrected_forward_paired.fq.gz
Approx 90% complete for RNASeq1_BH_corrected_forward_paired.fq.gz
Approx 95% complete for RNASeq1_BH_corrected_forward_paired.fq.gz
Analysis complete for RNASeq1_BH_corrected_forward_paired.fq.gz
Started analysis of RNASeq1_BH_corrected_forward_unpaired.fq.gz
Approx 5% complete for RNASeq1_BH_corrected_forward_unpaired.fq.gz
Approx 10% complete for RNASeq1_BH_corrected_forward_unpaired.fq.gz
Approx 15% complete for RNASeq1_BH_corrected_forward_unpaired.fq.gz
Approx 20% complete for RNASeq1_BH_corrected_forward_unpaired.fq.gz
Approx 25% complete for RNASeq1_BH_corrected_forward_unpaired.fq.gz
Approx 30% complete for RNASeq1_BH_corrected_forward_unpaired.fq.gz
Approx 35% complete for RNASeq1_BH_corrected_forward_unpaired.fq.gz
Approx 40% complete for RNASeq1_BH_corrected_forward_unpaired.fq.gz
Approx 45% complete for RNASeq1_BH_corrected_forward_unpaired.fq.gz
Approx 50% complete for RNASeq1_BH_corrected_forward_unpaired.fq.gz
Approx 55% complete for RNASeq1_BH_corrected_forward_unpaired.fq.gz
Approx 60% complete for RNASeq1_BH_corrected_forward_unpaired.fq.gz
Approx 65% complete for RNASeq1_BH_corrected_forward_unpaired.fq.gz
Approx 70% complete for RNASeq1_BH_corrected_forward_unpaired.fq.gz
Approx 75% complete for RNASeq1_BH_corrected_forward_unpaired.fq.gz
Approx 80% complete for RNASeq1_BH_corrected_forward_unpaired.fq.gz
Approx 85% complete for RNASeq1_BH_corrected_forward_unpaired.fq.gz
Approx 90% complete for RNASeq1_BH_corrected_forward_unpaired.fq.gz
Approx 95% complete for RNASeq1_BH_corrected_forward_unpaired.fq.gz
Analysis complete for RNASeq1_BH_corrected_forward_unpaired.fq.gz
Started analysis of RNASeq1_BH_corrected_reverse_paired.fq.gz
Approx 5% complete for RNASeq1_BH_corrected_reverse_paired.fq.gz
Approx 10% complete for RNASeq1_BH_corrected_reverse_paired.fq.gz
Approx 15% complete for RNASeq1_BH_corrected_reverse_paired.fq.gz
Approx 20% complete for RNASeq1_BH_corrected_reverse_paired.fq.gz
Approx 25% complete for RNASeq1_BH_corrected_reverse_paired.fq.gz
Approx 30% complete for RNASeq1_BH_corrected_reverse_paired.fq.gz
Approx 35% complete for RNASeq1_BH_corrected_reverse_paired.fq.gz
Approx 40% complete for RNASeq1_BH_corrected_reverse_paired.fq.gz
Approx 45% complete for RNASeq1_BH_corrected_reverse_paired.fq.gz
Approx 50% complete for RNASeq1_BH_corrected_reverse_paired.fq.gz
Approx 55% complete for RNASeq1_BH_corrected_reverse_paired.fq.gz
Approx 60% complete for RNASeq1_BH_corrected_reverse_paired.fq.gz
Approx 65% complete for RNASeq1_BH_corrected_reverse_paired.fq.gz
Approx 70% complete for RNASeq1_BH_corrected_reverse_paired.fq.gz
Approx 75% complete for RNASeq1_BH_corrected_reverse_paired.fq.gz
Approx 80% complete for RNASeq1_BH_corrected_reverse_paired.fq.gz
Approx 85% complete for RNASeq1_BH_corrected_reverse_paired.fq.gz
Approx 90% complete for RNASeq1_BH_corrected_reverse_paired.fq.gz
Approx 95% complete for RNASeq1_BH_corrected_reverse_paired.fq.gz
Analysis complete for RNASeq1_BH_corrected_reverse_paired.fq.gz
Started analysis of RNASeq1_BH_corrected_reverse_unpaired.fq.gz
Analysis complete for RNASeq1_BH_corrected_reverse_unpaired.fq.gz
Started analysis of RNASeq2_BH_corrected_forward_paired.fq.gz
Approx 5% complete for RNASeq2_BH_corrected_forward_paired.fq.gz
Approx 10% complete for RNASeq2_BH_corrected_forward_paired.fq.gz
Approx 15% complete for RNASeq2_BH_corrected_forward_paired.fq.gz
Approx 20% complete for RNASeq2_BH_corrected_forward_paired.fq.gz
Approx 25% complete for RNASeq2_BH_corrected_forward_paired.fq.gz
Approx 30% complete for RNASeq2_BH_corrected_forward_paired.fq.gz
Approx 35% complete for RNASeq2_BH_corrected_forward_paired.fq.gz
Approx 40% complete for RNASeq2_BH_corrected_forward_paired.fq.gz
Approx 45% complete for RNASeq2_BH_corrected_forward_paired.fq.gz
Approx 50% complete for RNASeq2_BH_corrected_forward_paired.fq.gz
Approx 55% complete for RNASeq2_BH_corrected_forward_paired.fq.gz
Approx 60% complete for RNASeq2_BH_corrected_forward_paired.fq.gz
Approx 65% complete for RNASeq2_BH_corrected_forward_paired.fq.gz
Approx 70% complete for RNASeq2_BH_corrected_forward_paired.fq.gz
Approx 75% complete for RNASeq2_BH_corrected_forward_paired.fq.gz
Approx 80% complete for RNASeq2_BH_corrected_forward_paired.fq.gz
Approx 85% complete for RNASeq2_BH_corrected_forward_paired.fq.gz
Approx 90% complete for RNASeq2_BH_corrected_forward_paired.fq.gz
Approx 95% complete for RNASeq2_BH_corrected_forward_paired.fq.gz
Analysis complete for RNASeq2_BH_corrected_forward_paired.fq.gz
Started analysis of RNASeq2_BH_corrected_forward_unpaired.fq.gz
Approx 5% complete for RNASeq2_BH_corrected_forward_unpaired.fq.gz
Approx 10% complete for RNASeq2_BH_corrected_forward_unpaired.fq.gz
Approx 15% complete for RNASeq2_BH_corrected_forward_unpaired.fq.gz
Approx 20% complete for RNASeq2_BH_corrected_forward_unpaired.fq.gz
Approx 25% complete for RNASeq2_BH_corrected_forward_unpaired.fq.gz
Approx 30% complete for RNASeq2_BH_corrected_forward_unpaired.fq.gz
Approx 35% complete for RNASeq2_BH_corrected_forward_unpaired.fq.gz
Approx 40% complete for RNASeq2_BH_corrected_forward_unpaired.fq.gz
Approx 45% complete for RNASeq2_BH_corrected_forward_unpaired.fq.gz
Approx 50% complete for RNASeq2_BH_corrected_forward_unpaired.fq.gz
Approx 55% complete for RNASeq2_BH_corrected_forward_unpaired.fq.gz
Approx 60% complete for RNASeq2_BH_corrected_forward_unpaired.fq.gz
Approx 65% complete for RNASeq2_BH_corrected_forward_unpaired.fq.gz
Approx 70% complete for RNASeq2_BH_corrected_forward_unpaired.fq.gz
Approx 75% complete for RNASeq2_BH_corrected_forward_unpaired.fq.gz
Approx 80% complete for RNASeq2_BH_corrected_forward_unpaired.fq.gz
Approx 85% complete for RNASeq2_BH_corrected_forward_unpaired.fq.gz
Approx 90% complete for RNASeq2_BH_corrected_forward_unpaired.fq.gz
Approx 95% complete for RNASeq2_BH_corrected_forward_unpaired.fq.gz
Analysis complete for RNASeq2_BH_corrected_forward_unpaired.fq.gz
Started analysis of RNASeq2_BH_corrected_reverse_paired.fq.gz
Approx 5% complete for RNASeq2_BH_corrected_reverse_paired.fq.gz
Approx 10% complete for RNASeq2_BH_corrected_reverse_paired.fq.gz
Approx 15% complete for RNASeq2_BH_corrected_reverse_paired.fq.gz
Approx 20% complete for RNASeq2_BH_corrected_reverse_paired.fq.gz
Approx 25% complete for RNASeq2_BH_corrected_reverse_paired.fq.gz
Approx 30% complete for RNASeq2_BH_corrected_reverse_paired.fq.gz
Approx 35% complete for RNASeq2_BH_corrected_reverse_paired.fq.gz
Approx 40% complete for RNASeq2_BH_corrected_reverse_paired.fq.gz
Approx 45% complete for RNASeq2_BH_corrected_reverse_paired.fq.gz
Approx 50% complete for RNASeq2_BH_corrected_reverse_paired.fq.gz
Approx 55% complete for RNASeq2_BH_corrected_reverse_paired.fq.gz
Approx 60% complete for RNASeq2_BH_corrected_reverse_paired.fq.gz
Approx 65% complete for RNASeq2_BH_corrected_reverse_paired.fq.gz
Approx 70% complete for RNASeq2_BH_corrected_reverse_paired.fq.gz
Approx 75% complete for RNASeq2_BH_corrected_reverse_paired.fq.gz
Approx 80% complete for RNASeq2_BH_corrected_reverse_paired.fq.gz
Approx 85% complete for RNASeq2_BH_corrected_reverse_paired.fq.gz
Approx 90% complete for RNASeq2_BH_corrected_reverse_paired.fq.gz
Approx 95% complete for RNASeq2_BH_corrected_reverse_paired.fq.gz
Analysis complete for RNASeq2_BH_corrected_reverse_paired.fq.gz
Started analysis of RNASeq2_BH_corrected_reverse_unpaired.fq.gz
Approx 5% complete for RNASeq2_BH_corrected_reverse_unpaired.fq.gz
Approx 10% complete for RNASeq2_BH_corrected_reverse_unpaired.fq.gz
Approx 15% complete for RNASeq2_BH_corrected_reverse_unpaired.fq.gz
Approx 20% complete for RNASeq2_BH_corrected_reverse_unpaired.fq.gz
Approx 25% complete for RNASeq2_BH_corrected_reverse_unpaired.fq.gz
Approx 30% complete for RNASeq2_BH_corrected_reverse_unpaired.fq.gz
Approx 35% complete for RNASeq2_BH_corrected_reverse_unpaired.fq.gz
Approx 40% complete for RNASeq2_BH_corrected_reverse_unpaired.fq.gz
Approx 45% complete for RNASeq2_BH_corrected_reverse_unpaired.fq.gz
Approx 50% complete for RNASeq2_BH_corrected_reverse_unpaired.fq.gz
Approx 55% complete for RNASeq2_BH_corrected_reverse_unpaired.fq.gz
Approx 60% complete for RNASeq2_BH_corrected_reverse_unpaired.fq.gz
Approx 65% complete for RNASeq2_BH_corrected_reverse_unpaired.fq.gz
Approx 70% complete for RNASeq2_BH_corrected_reverse_unpaired.fq.gz
Approx 75% complete for RNASeq2_BH_corrected_reverse_unpaired.fq.gz
Approx 80% complete for RNASeq2_BH_corrected_reverse_unpaired.fq.gz
Approx 85% complete for RNASeq2_BH_corrected_reverse_unpaired.fq.gz
Approx 90% complete for RNASeq2_BH_corrected_reverse_unpaired.fq.gz
Approx 95% complete for RNASeq2_BH_corrected_reverse_unpaired.fq.gz
Analysis complete for RNASeq2_BH_corrected_reverse_unpaired.fq.gz
Started analysis of RNASeq3_BH_corrected_forward_paired.fq.gz
Approx 5% complete for RNASeq3_BH_corrected_forward_paired.fq.gz
Approx 10% complete for RNASeq3_BH_corrected_forward_paired.fq.gz
Approx 15% complete for RNASeq3_BH_corrected_forward_paired.fq.gz
Approx 20% complete for RNASeq3_BH_corrected_forward_paired.fq.gz
Approx 25% complete for RNASeq3_BH_corrected_forward_paired.fq.gz
Approx 30% complete for RNASeq3_BH_corrected_forward_paired.fq.gz
Approx 35% complete for RNASeq3_BH_corrected_forward_paired.fq.gz
Approx 40% complete for RNASeq3_BH_corrected_forward_paired.fq.gz
Approx 45% complete for RNASeq3_BH_corrected_forward_paired.fq.gz
Approx 50% complete for RNASeq3_BH_corrected_forward_paired.fq.gz
Approx 55% complete for RNASeq3_BH_corrected_forward_paired.fq.gz
Approx 60% complete for RNASeq3_BH_corrected_forward_paired.fq.gz
Approx 65% complete for RNASeq3_BH_corrected_forward_paired.fq.gz
Approx 70% complete for RNASeq3_BH_corrected_forward_paired.fq.gz
Approx 75% complete for RNASeq3_BH_corrected_forward_paired.fq.gz
Approx 80% complete for RNASeq3_BH_corrected_forward_paired.fq.gz
Approx 85% complete for RNASeq3_BH_corrected_forward_paired.fq.gz
Approx 90% complete for RNASeq3_BH_corrected_forward_paired.fq.gz
Approx 95% complete for RNASeq3_BH_corrected_forward_paired.fq.gz
Analysis complete for RNASeq3_BH_corrected_forward_paired.fq.gz
Started analysis of RNASeq3_BH_corrected_forward_unpaired.fq.gz
Approx 5% complete for RNASeq3_BH_corrected_forward_unpaired.fq.gz
Approx 10% complete for RNASeq3_BH_corrected_forward_unpaired.fq.gz
Approx 15% complete for RNASeq3_BH_corrected_forward_unpaired.fq.gz
Approx 20% complete for RNASeq3_BH_corrected_forward_unpaired.fq.gz
Approx 25% complete for RNASeq3_BH_corrected_forward_unpaired.fq.gz
Approx 30% complete for RNASeq3_BH_corrected_forward_unpaired.fq.gz
Approx 35% complete for RNASeq3_BH_corrected_forward_unpaired.fq.gz
Approx 40% complete for RNASeq3_BH_corrected_forward_unpaired.fq.gz
Approx 45% complete for RNASeq3_BH_corrected_forward_unpaired.fq.gz
Approx 50% complete for RNASeq3_BH_corrected_forward_unpaired.fq.gz
Approx 55% complete for RNASeq3_BH_corrected_forward_unpaired.fq.gz
Approx 60% complete for RNASeq3_BH_corrected_forward_unpaired.fq.gz
Approx 65% complete for RNASeq3_BH_corrected_forward_unpaired.fq.gz
Approx 70% complete for RNASeq3_BH_corrected_forward_unpaired.fq.gz
Approx 75% complete for RNASeq3_BH_corrected_forward_unpaired.fq.gz
Approx 80% complete for RNASeq3_BH_corrected_forward_unpaired.fq.gz
Approx 85% complete for RNASeq3_BH_corrected_forward_unpaired.fq.gz
Approx 90% complete for RNASeq3_BH_corrected_forward_unpaired.fq.gz
Approx 95% complete for RNASeq3_BH_corrected_forward_unpaired.fq.gz
Analysis complete for RNASeq3_BH_corrected_forward_unpaired.fq.gz
Started analysis of RNASeq3_BH_corrected_reverse_paired.fq.gz
Approx 5% complete for RNASeq3_BH_corrected_reverse_paired.fq.gz
Approx 10% complete for RNASeq3_BH_corrected_reverse_paired.fq.gz
Approx 15% complete for RNASeq3_BH_corrected_reverse_paired.fq.gz
Approx 20% complete for RNASeq3_BH_corrected_reverse_paired.fq.gz
Approx 25% complete for RNASeq3_BH_corrected_reverse_paired.fq.gz
Approx 30% complete for RNASeq3_BH_corrected_reverse_paired.fq.gz
Approx 35% complete for RNASeq3_BH_corrected_reverse_paired.fq.gz
Approx 40% complete for RNASeq3_BH_corrected_reverse_paired.fq.gz
Approx 45% complete for RNASeq3_BH_corrected_reverse_paired.fq.gz
Approx 50% complete for RNASeq3_BH_corrected_reverse_paired.fq.gz
Approx 55% complete for RNASeq3_BH_corrected_reverse_paired.fq.gz
Approx 60% complete for RNASeq3_BH_corrected_reverse_paired.fq.gz
Approx 65% complete for RNASeq3_BH_corrected_reverse_paired.fq.gz
Approx 70% complete for RNASeq3_BH_corrected_reverse_paired.fq.gz
Approx 75% complete for RNASeq3_BH_corrected_reverse_paired.fq.gz
Approx 80% complete for RNASeq3_BH_corrected_reverse_paired.fq.gz
Approx 85% complete for RNASeq3_BH_corrected_reverse_paired.fq.gz
Approx 90% complete for RNASeq3_BH_corrected_reverse_paired.fq.gz
Approx 95% complete for RNASeq3_BH_corrected_reverse_paired.fq.gz
Analysis complete for RNASeq3_BH_corrected_reverse_paired.fq.gz
Started analysis of RNASeq3_BH_corrected_reverse_unpaired.fq.gz
Approx 5% complete for RNASeq3_BH_corrected_reverse_unpaired.fq.gz
Approx 10% complete for RNASeq3_BH_corrected_reverse_unpaired.fq.gz
Approx 15% complete for RNASeq3_BH_corrected_reverse_unpaired.fq.gz
Approx 20% complete for RNASeq3_BH_corrected_reverse_unpaired.fq.gz
Approx 25% complete for RNASeq3_BH_corrected_reverse_unpaired.fq.gz
Approx 30% complete for RNASeq3_BH_corrected_reverse_unpaired.fq.gz
Approx 35% complete for RNASeq3_BH_corrected_reverse_unpaired.fq.gz
Approx 40% complete for RNASeq3_BH_corrected_reverse_unpaired.fq.gz
Approx 45% complete for RNASeq3_BH_corrected_reverse_unpaired.fq.gz
Approx 50% complete for RNASeq3_BH_corrected_reverse_unpaired.fq.gz
Approx 55% complete for RNASeq3_BH_corrected_reverse_unpaired.fq.gz
Approx 60% complete for RNASeq3_BH_corrected_reverse_unpaired.fq.gz
Approx 65% complete for RNASeq3_BH_corrected_reverse_unpaired.fq.gz
Approx 70% complete for RNASeq3_BH_corrected_reverse_unpaired.fq.gz
Approx 75% complete for RNASeq3_BH_corrected_reverse_unpaired.fq.gz
Approx 80% complete for RNASeq3_BH_corrected_reverse_unpaired.fq.gz
Approx 85% complete for RNASeq3_BH_corrected_reverse_unpaired.fq.gz
Approx 90% complete for RNASeq3_BH_corrected_reverse_unpaired.fq.gz
Approx 95% complete for RNASeq3_BH_corrected_reverse_unpaired.fq.gz
Analysis complete for RNASeq3_BH_corrected_reverse_unpaired.fq.gz
